2022-10-04 19:13:04 Loading main app package /usr/lib/obsidian/obsidian.asar
2022-10-04 19:13:08 Checking for update using Github
2022-10-04 19:13:12 Success.
2022-10-04 19:13:12 Latest version is 0.15.9
2022-10-04 19:13:12 App is up to date.
2022-10-05 07:12:44 Loading main app package /usr/lib/obsidian/obsidian.asar
2022-10-05 07:12:49 Checking for update using Github
2022-10-05 07:12:53 Success.
2022-10-05 07:12:53 Latest version is 0.15.9
2022-10-05 07:12:53 App is up to date.
2022-10-05 07:41:10 Loading main app package /usr/lib/obsidian/obsidian.asar
2022-10-05 07:41:10 Checking for update using Github
2022-10-05 07:41:11 Success.
2022-10-05 07:41:11 Latest version is 0.15.9
2022-10-05 07:41:11 App is up to date.
2022-10-05 08:41:10 Checking for update using Github
2022-10-05 08:41:10 Success.
2022-10-05 08:41:10 Latest version is 0.15.9
2022-10-05 08:41:10 App is up to date.
2022-10-05 08:58:37 Loading main app package /usr/lib/obsidian/obsidian.asar
2022-10-05 08:58:37 Checking for update using Github
2022-10-06 00:28:09 Loading main app package /usr/lib/obsidian/obsidian.asar
2022-10-06 00:28:13 Checking for update using Github
2022-10-06 00:28:16 Success.
2022-10-06 00:28:16 Latest version is 0.15.9
2022-10-06 00:28:16 App is up to date.
2022-10-06 00:28:20 Loading main app package /usr/lib/obsidian/obsidian.asar
2022-10-06 00:28:20 Checking for update using Github
2022-10-06 01:28:09 Checking for update using Github
2022-10-06 01:28:10 Success.
2022-10-06 01:28:10 Latest version is 0.15.9
2022-10-06 01:28:10 App is up to date.
2022-10-06 02:28:09 Checking for update using Github
2022-10-06 02:28:09 Success.
2022-10-06 02:28:09 Latest version is 0.15.9
2022-10-06 02:28:09 App is up to date.
2022-10-06 03:28:09 Checking for update using Github
2022-10-06 03:28:10 Success.
2022-10-06 03:28:10 Latest version is 0.15.9
2022-10-06 03:28:10 App is up to date.
2022-10-06 04:28:09 Checking for update using Github
2022-10-06 04:28:10 Success.
2022-10-06 04:28:10 Latest version is 0.15.9
2022-10-06 04:28:10 App is up to date.
2022-10-06 05:28:10 Checking for update using Github
2022-10-06 05:28:10 Success.
2022-10-06 05:28:10 Latest version is 0.15.9
2022-10-06 05:28:10 App is up to date.
2022-10-06 07:55:44 Loading main app package /usr/lib/obsidian/obsidian.asar
2022-10-06 07:55:47 Checking for update using Github
2022-10-06 07:55:49 Success.
2022-10-06 07:55:49 Latest version is 0.15.9
2022-10-06 07:55:49 App is up to date.
2022-10-06 08:55:44 Checking for update using Github
2022-10-06 08:55:44 Success.
2022-10-06 08:55:44 Latest version is 0.15.9
2022-10-06 08:55:44 App is up to date.
2022-10-06 21:16:47 Loading main app package /usr/lib/obsidian/obsidian.asar
2022-10-06 21:16:51 Checking for update using Github
2022-10-06 21:16:54 Success.
2022-10-06 21:16:54 Latest version is 0.15.9
2022-10-06 21:16:54 App is up to date.
2022-10-06 22:44:38 Loading main app package /usr/lib/obsidian/obsidian.asar
2022-10-06 22:44:42 Checking for update using Github
2022-10-06 22:44:43 Success.
2022-10-06 22:44:43 Latest version is 0.15.9
2022-10-06 22:44:43 App is up to date.
2022-10-06 23:44:38 Checking for update using Github
2022-10-06 23:44:38 Success.
2022-10-06 23:44:38 Latest version is 0.15.9
2022-10-06 23:44:38 App is up to date.
2022-10-07 03:02:17 Loading main app package /usr/lib/obsidian/obsidian.asar
2022-10-07 03:02:21 Checking for update using Github
2022-10-07 03:02:24 Success.
2022-10-07 03:02:24 Latest version is 0.15.9
2022-10-07 03:02:24 App is up to date.
2022-10-07 20:22:02 Loading main app package /usr/lib/obsidian/obsidian.asar
2022-10-07 20:22:05 Checking for update using Github
2022-10-07 20:22:06 Failed to check for update using Github (net::ERR_INTERNET_DISCONNECTED)
2022-10-07 20:22:06 Checking for update using obsidian.md
2022-10-07 20:22:06 Failed to check for update using obsidian.md (net::ERR_INTERNET_DISCONNECTED)
2022-10-07 21:22:02 Checking for update using Github
2022-10-07 21:22:02 Failed to check for update using Github (net::ERR_INTERNET_DISCONNECTED)
2022-10-07 21:22:02 Checking for update using obsidian.md
2022-10-07 21:22:02 Failed to check for update using obsidian.md (net::ERR_INTERNET_DISCONNECTED)
2022-10-07 22:22:02 Checking for update using Github
2022-10-07 22:22:02 Failed to check for update using Github (net::ERR_INTERNET_DISCONNECTED)
2022-10-07 22:22:02 Checking for update using obsidian.md
2022-10-07 22:22:02 Failed to check for update using obsidian.md (net::ERR_INTERNET_DISCONNECTED)
2022-10-08 03:47:56 Loading main app package /usr/lib/obsidian/obsidian.asar
2022-10-08 03:48:00 Checking for update using Github
2022-10-08 03:48:01 Failed to check for update using Github (net::ERR_INTERNET_DISCONNECTED)
2022-10-08 03:48:01 Checking for update using obsidian.md
2022-10-08 03:48:01 Failed to check for update using obsidian.md (net::ERR_INTERNET_DISCONNECTED)
2022-10-08 06:08:47 Loading main app package /usr/lib/obsidian/obsidian.asar
2022-10-08 06:08:50 Checking for update using Github
2022-10-08 06:08:51 Failed to check for update using Github (net::ERR_INTERNET_DISCONNECTED)
2022-10-08 06:08:51 Checking for update using obsidian.md
2022-10-08 06:08:51 Failed to check for update using obsidian.md (net::ERR_INTERNET_DISCONNECTED)
2022-10-08 07:08:47 Checking for update using Github
2022-10-08 07:08:47 Failed to check for update using Github (net::ERR_INTERNET_DISCONNECTED)
2022-10-08 07:08:47 Checking for update using obsidian.md
2022-10-08 07:08:47 Failed to check for update using obsidian.md (net::ERR_INTERNET_DISCONNECTED)
2022-10-08 21:39:33 Loading main app package /usr/lib/obsidian/obsidian.asar
2022-10-08 21:39:38 Checking for update using Github
2022-10-08 21:39:39 Success.
2022-10-08 21:39:39 Latest version is 0.15.9
2022-10-08 21:39:39 App is up to date.
2022-10-08 22:39:34 Checking for update using Github
2022-10-08 22:39:34 Success.
2022-10-08 22:39:34 Latest version is 0.15.9
2022-10-08 22:39:34 App is up to date.
2022-10-09 05:04:31 Loading main app package /usr/lib/obsidian/obsidian.asar
2022-10-09 05:04:35 Checking for update using Github
2022-10-09 05:04:36 Failed to check for update using Github (net::ERR_INTERNET_DISCONNECTED)
2022-10-09 05:04:36 Checking for update using obsidian.md
2022-10-09 05:04:36 Failed to check for update using obsidian.md (net::ERR_INTERNET_DISCONNECTED)
2022-10-09 05:52:23 Loading main app package /usr/lib/obsidian/obsidian.asar
2022-10-09 05:52:26 Checking for update using Github
2022-10-09 05:52:27 Failed to check for update using Github (net::ERR_INTERNET_DISCONNECTED)
2022-10-09 05:52:27 Checking for update using obsidian.md
2022-10-09 05:52:27 Failed to check for update using obsidian.md (net::ERR_INTERNET_DISCONNECTED)
2022-10-09 17:34:01 Loading main app package /usr/lib/obsidian/obsidian.asar
2022-10-09 17:34:04 Checking for update using Github
2022-10-09 17:34:05 Failed to check for update using Github (net::ERR_INTERNET_DISCONNECTED)
2022-10-09 17:34:05 Checking for update using obsidian.md
2022-10-09 17:34:05 Failed to check for update using obsidian.md (net::ERR_INTERNET_DISCONNECTED)
2022-10-09 20:50:19 Loading main app package /usr/lib/obsidian/obsidian.asar
2022-10-09 20:50:22 Checking for update using Github
2022-10-09 20:50:23 Failed to check for update using Github (net::ERR_INTERNET_DISCONNECTED)
2022-10-09 20:50:23 Checking for update using obsidian.md
2022-10-09 20:50:23 Failed to check for update using obsidian.md (net::ERR_INTERNET_DISCONNECTED)
2022-10-10 02:35:30 Loading main app package /usr/lib/obsidian/obsidian.asar
2022-10-10 02:35:33 Checking for update using Github
2022-10-10 02:35:34 Success.
2022-10-10 02:35:34 Latest version is 0.15.9
2022-10-10 02:35:34 App is up to date.
2022-10-10 06:24:48 Loading main app package /usr/lib/obsidian/obsidian.asar
2022-10-10 06:24:52 Checking for update using Github
2022-10-10 06:24:52 Failed to check for update using Github (net::ERR_INTERNET_DISCONNECTED)
2022-10-10 06:24:52 Checking for update using obsidian.md
2022-10-10 06:24:52 Failed to check for update using obsidian.md (net::ERR_INTERNET_DISCONNECTED)
2022-10-10 23:44:56 Loading main app package /usr/lib/obsidian/obsidian.asar
2022-10-10 23:45:00 Checking for update using Github
2022-10-10 23:45:00 Failed to check for update using Github (net::ERR_INTERNET_DISCONNECTED)
2022-10-10 23:45:00 Checking for update using obsidian.md
2022-10-10 23:45:01 Failed to check for update using obsidian.md (net::ERR_INTERNET_DISCONNECTED)
2022-10-12 03:04:03 Loading main app package /usr/lib/obsidian/obsidian.asar
2022-10-12 03:04:07 Checking for update using Github
2022-10-12 03:04:08 Failed to check for update using Github (net::ERR_INTERNET_DISCONNECTED)
2022-10-12 03:04:08 Checking for update using obsidian.md
2022-10-12 03:04:08 Failed to check for update using obsidian.md (net::ERR_INTERNET_DISCONNECTED)
2022-10-13 07:32:22 Loading main app package /usr/lib/obsidian/obsidian.asar
2022-10-13 07:32:25 Checking for update using Github
2022-10-13 07:32:26 Failed to check for update using Github (net::ERR_INTERNET_DISCONNECTED)
2022-10-13 07:32:26 Checking for update using obsidian.md
2022-10-13 07:32:26 Failed to check for update using obsidian.md (net::ERR_INTERNET_DISCONNECTED)
2022-10-13 08:35:46 Loading main app package /usr/lib/obsidian/obsidian.asar
2022-10-13 08:35:47 Checking for update using Github
2022-10-13 08:35:47 Success.
2022-10-13 08:35:47 Latest version is 0.15.9
2022-10-13 08:35:47 App is up to date.
2022-10-13 20:57:46 Checking for update using Github
2022-10-13 20:57:47 Success.
2022-10-13 20:57:47 Latest version is 1.0.0
2022-10-13 20:57:47 Downloading update from https://github.com/obsidianmd/obsidian-releases/releases/download/v1.0.0/obsidian-1.0.0.asar.gz
2022-10-13 20:57:47 Verifying hash & signature. Size= 5637590
2022-10-13 20:57:48 Saving file
2022-10-13 20:57:48 Update complete.
2022-10-13 21:57:46 Checking for update using Github
2022-10-13 21:57:48 Failed to check for update using Github (net::ERR_INTERNET_DISCONNECTED)
2022-10-13 21:57:48 Checking for update using obsidian.md
2022-10-13 21:57:49 Failed to check for update using obsidian.md (net::ERR_INTERNET_DISCONNECTED)
2022-10-13 22:57:46 Checking for update using Github
2022-10-13 22:57:46 Failed to check for update using Github (net::ERR_INTERNET_DISCONNECTED)
2022-10-13 22:57:46 Checking for update using obsidian.md
2022-10-13 22:57:46 Failed to check for update using obsidian.md (net::ERR_INTERNET_DISCONNECTED)
2022-10-13 23:19:47 Loading updated app package /home/evildr4gon/.config/obsidian/obsidian-1.0.0.asar
2022-10-13 23:19:47 Checking for update using Github
2022-10-13 23:20:01 Loading updated app package /home/evildr4gon/.config/obsidian/obsidian-1.0.0.asar
2022-10-13 23:20:01 Checking for update using Github
2022-10-13 23:57:46 Checking for update using Github
2022-10-13 23:57:46 Failed to check for update using Github (net::ERR_INTERNET_DISCONNECTED)
2022-10-13 23:57:46 Checking for update using obsidian.md
2022-10-13 23:57:46 Failed to check for update using obsidian.md (net::ERR_INTERNET_DISCONNECTED)
2022-10-14 01:25:16 Loading updated app package /home/evildr4gon/.config/obsidian/obsidian-1.0.0.asar
2022-10-14 01:25:20 Checking for update using Github
2022-10-14 01:25:23 Success.
2022-10-14 01:25:23 Latest version is 1.0.0
2022-10-14 01:25:23 App is up to date.
2022-10-14 02:25:16 Checking for update using Github
2022-10-14 02:25:16 Failed to check for update using Github (net::ERR_INTERNET_DISCONNECTED)
2022-10-14 02:25:16 Checking for update using obsidian.md
2022-10-14 02:25:16 Failed to check for update using obsidian.md (net::ERR_INTERNET_DISCONNECTED)
2022-10-14 03:52:58 Loading updated app package /home/evildr4gon/.config/obsidian/obsidian-1.0.0.asar
2022-10-14 03:53:03 Checking for update using Github
2022-10-14 03:53:05 Success.
2022-10-14 03:53:05 Latest version is 1.0.0
2022-10-14 03:53:05 App is up to date.
2022-10-14 09:55:40 Loading updated app package /home/evildr4gon/.config/obsidian/obsidian-1.0.0.asar
2022-10-14 09:55:44 Checking for update using Github
2022-10-14 09:55:45 Failed to check for update using Github (net::ERR_INTERNET_DISCONNECTED)
2022-10-14 09:55:45 Checking for update using obsidian.md
2022-10-14 09:55:45 Failed to check for update using obsidian.md (net::ERR_INTERNET_DISCONNECTED)
2022-10-21 05:12:23 Loading main app package /usr/lib/obsidian/obsidian.asar
2022-10-21 05:12:28 Checking for update using Github
2022-10-21 05:12:31 Success.
2022-10-21 05:12:31 Latest version is 1.0.0
2022-10-21 05:12:31 App is up to date.
2022-10-21 06:12:24 Checking for update using Github
2022-10-21 06:12:24 Success.
2022-10-21 06:12:24 Latest version is 1.0.0
2022-10-21 06:12:24 App is up to date.
2022-10-21 20:48:41 Checking for update using Github
2022-10-21 20:48:41 Success.
2022-10-21 20:48:41 Latest version is 1.0.0
2022-10-21 20:48:41 App is up to date.
2022-10-21 21:48:41 Checking for update using Github
2022-10-21 21:48:41 Success.
2022-10-21 21:48:41 Latest version is 1.0.0
2022-10-21 21:48:41 App is up to date.
2022-10-21 22:48:41 Checking for update using Github
2022-10-21 22:48:41 Success.
2022-10-21 22:48:41 Latest version is 1.0.0
2022-10-21 22:48:41 App is up to date.
2022-10-22 04:40:11 Checking for update using Github
2022-10-22 04:40:12 Success.
2022-10-22 04:40:12 Latest version is 1.0.0
2022-10-22 04:40:12 App is up to date.
2022-10-22 06:23:02 Loading main app package /usr/lib/obsidian/obsidian.asar
2022-10-22 06:23:07 Checking for update using Github
2022-10-22 06:23:09 Success.
2022-10-22 06:23:09 Latest version is 1.0.0
2022-10-22 06:23:09 App is up to date.
2022-10-22 07:23:02 Checking for update using Github
2022-10-22 07:23:03 Success.
2022-10-22 07:23:03 Latest version is 1.0.0
2022-10-22 07:23:03 App is up to date.
2022-10-23 02:11:37 Loading main app package /usr/lib/obsidian/obsidian.asar
2022-10-23 02:11:41 Checking for update using Github
2022-10-23 02:11:42 Success.
2022-10-23 02:11:42 Latest version is 1.0.0
2022-10-23 02:11:42 App is up to date.
2022-10-23 03:11:37 Checking for update using Github
2022-10-23 03:11:38 Success.
2022-10-23 03:11:38 Latest version is 1.0.0
2022-10-23 03:11:38 App is up to date.
2022-10-23 04:11:38 Checking for update using Github
2022-10-23 04:11:39 Success.
2022-10-23 04:11:39 Latest version is 1.0.0
2022-10-23 04:11:40 App is up to date.
2022-10-23 07:41:39 Loading main app package /usr/lib/obsidian/obsidian.asar
2022-10-23 07:41:40 Checking for update using Github
2022-10-23 07:41:41 Success.
2022-10-23 07:41:41 Latest version is 1.0.0
2022-10-23 07:41:41 App is up to date.
2022-10-23 09:10:18 Loading main app package /usr/lib/obsidian/obsidian.asar
2022-10-23 09:10:23 Checking for update using Github
2022-10-23 09:10:25 Success.
2022-10-23 09:10:25 Latest version is 1.0.0
2022-10-23 09:10:25 App is up to date.
2022-10-23 09:21:55 Loading main app package /usr/lib/obsidian/obsidian.asar
2022-10-23 09:21:56 Checking for update using Github
2022-10-23 09:21:56 Success.
2022-10-23 09:21:56 Latest version is 1.0.0
2022-10-23 09:21:56 App is up to date.
2022-10-23 23:19:16 Loading main app package /usr/lib/obsidian/obsidian.asar
2022-10-23 23:19:20 Checking for update using Github
2022-10-23 23:19:22 Success.
2022-10-23 23:19:22 Latest version is 1.0.0
2022-10-23 23:19:22 App is up to date.
2022-10-24 00:19:16 Checking for update using Github
2022-10-24 00:19:16 Success.
2022-10-24 00:19:16 Latest version is 1.0.0
2022-10-24 00:19:16 App is up to date.
2022-10-24 03:07:32 Checking for update using Github
2022-10-24 03:07:32 Success.
2022-10-24 03:07:32 Latest version is 1.0.0
2022-10-24 03:07:32 App is up to date.
2022-10-24 03:54:03 Loading main app package /usr/lib/obsidian/obsidian.asar
2022-10-24 03:54:07 Checking for update using Github
2022-10-24 03:54:08 Success.
2022-10-24 03:54:08 Latest version is 1.0.0
2022-10-24 03:54:08 App is up to date.
2022-10-24 04:44:24 Loading main app package /usr/lib/obsidian/obsidian.asar
2022-10-24 04:44:25 Checking for update using Github
2022-10-24 04:54:03 Checking for update using Github
2022-10-24 04:54:03 Success.
2022-10-24 04:54:03 Latest version is 1.0.0
2022-10-24 04:54:03 App is up to date.
2022-10-24 06:34:48 Loading main app package /usr/lib/obsidian/obsidian.asar
2022-10-24 06:34:56 Checking for update using Github
2022-10-24 06:34:59 Success.
2022-10-24 06:34:59 Latest version is 1.0.0
2022-10-24 06:34:59 App is up to date.
2022-10-24 07:34:49 Checking for update using Github
2022-10-24 07:34:49 Success.
2022-10-24 07:34:49 Latest version is 1.0.0
2022-10-24 07:34:49 App is up to date.
2022-10-24 08:34:49 Checking for update using Github
2022-10-24 08:34:49 Success.
2022-10-24 08:34:49 Latest version is 1.0.0
2022-10-24 08:34:49 App is up to date.
2022-10-24 12:13:04 Checking for update using Github
2022-10-25 01:40:00 Loading main app package /usr/lib/obsidian/obsidian.asar
2022-10-25 01:40:05 Checking for update using Github
2022-10-25 01:40:07 Success.
2022-10-25 01:40:07 Latest version is 1.0.0
2022-10-25 01:40:07 App is up to date.
2022-10-25 02:40:00 Checking for update using Github
2022-10-25 02:40:00 Success.
2022-10-25 02:40:00 Latest version is 1.0.0
2022-10-25 02:40:00 App is up to date.
2022-10-25 06:32:05 Loading main app package /usr/lib/obsidian/obsidian.asar
2022-10-25 06:32:10 Checking for update using Github
2022-10-25 06:32:12 Success.
2022-10-25 06:32:12 Latest version is 1.0.0
2022-10-25 06:32:12 App is up to date.
2022-10-25 07:32:06 Checking for update using Github
2022-10-25 07:32:06 Success.
2022-10-25 07:32:06 Latest version is 1.0.0
2022-10-25 07:32:06 App is up to date.
2022-10-25 08:32:06 Checking for update using Github
2022-10-25 08:32:06 Success.
2022-10-25 08:32:06 Latest version is 1.0.0
2022-10-25 08:32:06 App is up to date.
2022-10-25 09:32:06 Checking for update using Github
2022-10-25 09:32:06 Success.
2022-10-25 09:32:06 Latest version is 1.0.0
2022-10-25 09:32:06 App is up to date.
2022-10-26 04:16:45 Loading main app package /usr/lib/obsidian/obsidian.asar
2022-10-26 04:16:51 Checking for update using Github
2022-10-26 04:16:53 Success.
2022-10-26 04:16:53 Latest version is 1.0.0
2022-10-26 04:16:53 App is up to date.
2022-10-26 05:16:46 Checking for update using Github
2022-10-26 05:16:46 Success.
2022-10-26 05:16:46 Latest version is 1.0.0
2022-10-26 05:16:46 App is up to date.
2022-10-27 00:08:42 Loading main app package /usr/lib/obsidian/obsidian.asar
2022-10-27 00:08:47 Checking for update using Github
2022-10-27 00:08:49 Success.
2022-10-27 00:08:49 Latest version is 1.0.3
2022-10-27 00:08:49 Downloading update from https://github.com/obsidianmd/obsidian-releases/releases/download/v1.0.3/obsidian-1.0.3.asar.gz
2022-10-27 00:08:50 Verifying hash & signature. Size= 5638132
2022-10-27 00:08:50 Saving file
2022-10-27 00:08:51 Update complete.
2022-10-27 01:08:42 Checking for update using Github
2022-10-27 01:08:43 Success.
2022-10-27 01:08:43 Latest version is 1.0.3
2022-10-27 01:08:43 An update is already downloaded.
2022-10-27 02:08:42 Checking for update using Github
2022-10-27 02:08:43 Success.
2022-10-27 02:08:43 Latest version is 1.0.3
2022-10-27 02:08:43 An update is already downloaded.
2022-10-27 04:05:23 Checking for update using Github
2022-10-27 04:05:23 Success.
2022-10-27 04:05:23 Latest version is 1.0.3
2022-10-27 04:05:23 An update is already downloaded.
2022-10-27 05:05:24 Checking for update using Github
2022-10-27 05:05:24 Success.
2022-10-27 05:05:24 Latest version is 1.0.3
2022-10-27 05:05:24 An update is already downloaded.
2022-10-27 08:25:18 Checking for update using Github
2022-10-27 08:25:19 Success.
2022-10-27 08:25:19 Latest version is 1.0.3
2022-10-27 08:25:19 An update is already downloaded.
2022-10-27 11:19:58 Checking for update using Github
2022-10-27 11:19:58 Success.
2022-10-27 11:19:58 Latest version is 1.0.3
2022-10-27 11:19:58 An update is already downloaded.
2022-10-27 23:33:45 Checking for update using Github
2022-10-27 23:33:45 Success.
2022-10-27 23:33:45 Latest version is 1.0.3
2022-10-27 23:33:45 An update is already downloaded.
2022-10-28 00:33:45 Checking for update using Github
2022-10-28 00:33:45 Success.
2022-10-28 00:33:45 Latest version is 1.0.3
2022-10-28 00:33:45 An update is already downloaded.
2022-10-28 01:33:45 Checking for update using Github
2022-10-28 01:33:45 Success.
2022-10-28 01:33:45 Latest version is 1.0.3
2022-10-28 01:33:45 An update is already downloaded.
2022-10-28 02:33:45 Checking for update using Github
2022-10-28 02:33:45 Success.
2022-10-28 02:33:45 Latest version is 1.0.3
2022-10-28 02:33:45 An update is already downloaded.
2022-10-28 04:25:08 Loading updated app package /home/evildr4gon/.config/obsidian/obsidian-1.0.3.asar
2022-10-28 04:25:13 Checking for update using Github
2022-10-28 04:25:15 Success.
2022-10-28 04:25:15 Latest version is 1.0.3
2022-10-28 04:25:15 App is up to date.
2022-10-28 05:25:09 Checking for update using Github
2022-10-28 05:25:09 Success.
2022-10-28 05:25:09 Latest version is 1.0.3
2022-10-28 05:25:09 App is up to date.
2022-10-28 07:29:00 Loading updated app package /home/evildr4gon/.config/obsidian/obsidian-1.0.3.asar
2022-10-28 07:29:05 Checking for update using Github
2022-10-28 07:29:07 Success.
2022-10-28 07:29:07 Latest version is 1.0.3
2022-10-28 07:29:07 App is up to date.
2022-10-28 23:20:54 Loading updated app package /home/evildr4gon/.config/obsidian/obsidian-1.0.3.asar
2022-10-28 23:20:58 Checking for update using Github
2022-10-28 23:21:00 Success.
2022-10-28 23:21:00 Latest version is 1.0.3
2022-10-28 23:21:00 App is up to date.
2022-10-29 00:20:54 Checking for update using Github
2022-10-29 00:20:55 Success.
2022-10-29 00:20:55 Latest version is 1.0.3
2022-10-29 00:20:55 App is up to date.
2022-10-30 00:23:01 Loading updated app package /home/evildr4gon/.config/obsidian/obsidian-1.0.3.asar
2022-10-30 00:23:05 Checking for update using Github
2022-10-30 00:23:08 Success.
2022-10-30 00:23:08 Latest version is 1.0.3
2022-10-30 00:23:08 App is up to date.
2022-10-30 05:46:01 Loading updated app package /home/evildr4gon/.config/obsidian/obsidian-1.0.3.asar
2022-10-30 05:46:06 Checking for update using Github
2022-10-30 05:46:08 Success.
2022-10-30 05:46:08 Latest version is 1.0.3
2022-10-30 05:46:08 App is up to date.
2022-10-30 06:46:02 Checking for update using Github
2022-10-30 06:46:02 Success.
2022-10-30 06:46:02 Latest version is 1.0.3
2022-10-30 06:46:02 App is up to date.
2022-10-30 07:46:02 Checking for update using Github
2022-10-30 07:46:02 Success.
2022-10-30 07:46:02 Latest version is 1.0.3
2022-10-30 07:46:02 App is up to date.
2022-10-30 09:34:18 Checking for update using Github
2022-10-30 09:34:18 Success.
2022-10-30 09:34:18 Latest version is 1.0.3
2022-10-30 09:34:18 App is up to date.
2022-10-30 22:41:42 Loading main app package /usr/lib/obsidian/obsidian.asar
2022-10-30 22:41:49 Checking for update using Github
2022-10-30 22:41:52 Success.
2022-10-30 22:41:52 Latest version is 1.0.3
2022-10-30 22:41:52 App is up to date.
2022-10-30 23:41:42 Checking for update using Github
2022-10-30 23:41:45 Success.
2022-10-30 23:41:45 Latest version is 1.0.3
2022-10-30 23:41:45 App is up to date.
2022-10-31 02:01:33 Checking for update using Github
2022-10-31 02:50:08 Loading main app package /usr/lib/obsidian/obsidian.asar
2022-10-31 02:50:09 Checking for update using Github
2022-10-31 02:50:09 Success.
2022-10-31 02:50:09 Latest version is 1.0.3
2022-10-31 02:50:09 App is up to date.
2022-11-01 12:00:33 Loading main app package /usr/lib/obsidian/obsidian.asar
2022-11-01 12:00:40 Checking for update using Github
2022-11-01 12:00:43 Success.
2022-11-01 12:00:43 Latest version is 1.0.3
2022-11-01 12:00:43 App is up to date.
2022-11-01 13:00:33 Checking for update using Github
2022-11-01 13:00:33 Success.
2022-11-01 13:00:33 Latest version is 1.0.3
2022-11-01 13:00:33 App is up to date.
2022-11-01 17:48:01 Checking for update using Github
2022-11-01 17:48:01 Success.
2022-11-01 17:48:01 Latest version is 1.0.3
2022-11-01 17:48:01 App is up to date.
2022-11-02 02:30:31 Checking for update using Github
2022-11-02 02:30:31 Success.
2022-11-02 02:30:31 Latest version is 1.0.3
2022-11-02 02:30:31 App is up to date.
2022-11-02 04:33:28 Loading main app package /usr/lib/obsidian/obsidian.asar
2022-11-02 04:33:33 Checking for update using Github
2022-11-02 04:33:35 Success.
2022-11-02 04:33:35 Latest version is 1.0.3
2022-11-02 04:33:35 App is up to date.
2022-11-02 11:35:50 Loading main app package /usr/lib/obsidian/obsidian.asar
2022-11-02 11:35:54 Checking for update using Github
2022-11-02 11:35:57 Success.
2022-11-02 11:35:57 Latest version is 1.0.3
2022-11-02 11:35:57 App is up to date.
2022-11-03 09:49:25 Loading main app package /usr/lib/obsidian/obsidian.asar
2022-11-03 09:49:33 Checking for update using Github
2022-11-03 09:49:37 Success.
2022-11-03 09:49:37 Latest version is 1.0.3
2022-11-03 09:49:37 App is up to date.
2022-11-03 10:49:25 Checking for update using Github
2022-11-03 10:49:25 Success.
2022-11-03 10:49:25 Latest version is 1.0.3
2022-11-03 10:49:25 App is up to date.
2022-11-03 13:38:08 Checking for update using Github
2022-11-03 13:38:08 Success.
2022-11-03 13:38:08 Latest version is 1.0.3
2022-11-03 13:38:08 App is up to date.
2022-11-03 18:58:33 Checking for update using Github
2022-11-03 18:58:33 Success.
2022-11-03 18:58:33 Latest version is 1.0.3
2022-11-03 18:58:33 App is up to date.
2022-11-03 19:58:33 Checking for update using Github
2022-11-03 19:58:33 Success.
2022-11-03 19:58:33 Latest version is 1.0.3
2022-11-03 19:58:33 App is up to date.
2022-11-05 16:56:45 Loading main app package /usr/lib/obsidian/obsidian.asar
2022-11-05 16:56:49 Checking for update using Github
2022-11-05 16:56:52 Success.
2022-11-05 16:56:52 Latest version is 1.0.3
2022-11-05 16:56:52 App is up to date.
2022-11-06 02:02:51 Checking for update using Github
2022-11-06 02:02:51 Success.
2022-11-06 02:02:51 Latest version is 1.0.3
2022-11-06 02:02:51 App is up to date.
2022-11-06 03:02:51 Checking for update using Github
2022-11-06 03:02:51 Success.
2022-11-06 03:02:51 Latest version is 1.0.3
2022-11-06 03:02:51 App is up to date.
2022-11-06 04:02:51 Checking for update using Github
2022-11-06 04:02:51 Success.
2022-11-06 04:02:51 Latest version is 1.0.3
2022-11-06 04:02:51 App is up to date.
2022-11-06 06:12:29 Checking for update using Github
2022-11-06 06:12:29 Success.
2022-11-06 06:12:29 Latest version is 1.0.3
2022-11-06 06:12:29 App is up to date.
2022-11-07 01:14:42 Loading main app package /usr/lib/obsidian/obsidian.asar
2022-11-07 01:14:46 Checking for update using Github
2022-11-07 01:14:48 Success.
2022-11-07 01:14:48 Latest version is 1.0.3
2022-11-07 01:14:48 App is up to date.
2022-11-08 18:05:10 Loading main app package /usr/lib/obsidian/obsidian.asar
2022-11-08 18:05:15 Checking for update using Github
2022-11-08 18:05:18 Success.
2022-11-08 18:05:18 Latest version is 1.0.3
2022-11-08 18:05:18 App is up to date.
2022-11-13 00:38:51 Loading main app package /usr/lib/obsidian/obsidian.asar
2022-11-13 00:38:54 Checking for update using Github
2022-11-13 00:38:56 Success.
2022-11-13 00:38:56 Latest version is 1.0.3
2022-11-13 00:38:56 App is up to date.
2022-11-13 14:00:43 Checking for update using Github
2022-11-13 14:00:43 Success.
2022-11-13 14:00:43 Latest version is 1.0.3
2022-11-13 14:00:43 App is up to date.
2022-11-13 16:40:22 Checking for update using Github
2022-11-13 16:40:22 Success.
2022-11-13 16:40:22 Latest version is 1.0.3
2022-11-13 16:40:22 App is up to date.
2022-11-16 13:31:52 Loading main app package /usr/lib/obsidian/obsidian.asar
2022-11-16 13:31:55 Checking for update using Github
2022-11-16 13:31:57 Success.
2022-11-16 13:31:57 Latest version is 1.0.3
2022-11-16 13:31:57 App is up to date.
2022-11-17 05:05:31 Loading main app package /usr/lib/obsidian/obsidian.asar
2022-11-17 05:05:34 Checking for update using Github
2022-11-17 05:05:36 Success.
2022-11-17 05:05:36 Latest version is 1.0.3
2022-11-17 05:05:36 App is up to date.
2022-11-17 13:25:53 Checking for update using Github
2022-11-17 13:25:53 Success.
2022-11-17 13:25:53 Latest version is 1.0.3
2022-11-17 13:25:53 App is up to date.
2022-11-17 14:25:54 Checking for update using Github
2022-11-17 14:25:54 Success.
2022-11-17 14:25:54 Latest version is 1.0.3
2022-11-17 14:25:54 App is up to date.
2022-11-17 16:28:09 Checking for update using Github
2022-11-17 16:28:10 Success.
2022-11-17 16:28:10 Latest version is 1.0.3
2022-11-17 16:28:10 App is up to date.
2022-11-17 17:59:52 Checking for update using Github
2022-11-17 17:59:52 Success.
2022-11-17 17:59:52 Latest version is 1.0.3
2022-11-17 17:59:52 App is up to date.
2022-11-24 18:26:28 Loading main app package /usr/lib/obsidian/obsidian.asar
2022-11-24 18:26:31 Checking for update using Github
2022-11-24 18:26:33 Success.
2022-11-24 18:26:33 Latest version is 1.0.3
2022-11-24 18:26:33 App is up to date.
2022-11-24 20:16:34 Checking for update using Github
2022-11-24 20:16:34 Success.
2022-11-24 20:16:34 Latest version is 1.0.3
2022-11-24 20:16:34 App is up to date.
2022-11-24 21:14:09 Loading main app package /usr/lib/obsidian/obsidian.asar
2022-11-24 21:14:10 Checking for update using Github
2022-11-24 21:14:10 Success.
2022-11-24 21:14:10 Latest version is 1.0.3
2022-11-24 21:14:10 App is up to date.
2022-11-24 23:55:21 Checking for update using Github
2022-11-24 23:55:22 Success.
2022-11-24 23:55:22 Latest version is 1.0.3
2022-11-24 23:55:22 App is up to date.
2022-11-25 02:11:05 Checking for update using Github
2022-11-25 02:11:06 Success.
2022-11-25 02:11:06 Latest version is 1.0.3
2022-11-25 02:11:06 App is up to date.
2022-11-25 03:11:05 Checking for update using Github
2022-11-25 03:11:06 Success.
2022-11-25 03:11:06 Latest version is 1.0.3
2022-11-25 03:11:06 App is up to date.
2022-11-25 22:24:12 Loading main app package /usr/lib/obsidian/obsidian.asar
2022-11-25 22:24:15 Checking for update using Github
2022-11-25 22:24:16 Success.
2022-11-25 22:24:16 Latest version is 1.0.3
2022-11-25 22:24:16 App is up to date.
2022-11-25 22:29:55 Loading main app package /usr/lib/obsidian/obsidian.asar
2022-11-25 22:29:55 Checking for update using Github
2022-11-25 22:29:55 Success.
2022-11-25 22:29:55 Latest version is 1.0.3
2022-11-25 22:29:55 App is up to date.
2022-11-26 00:53:47 Checking for update using Github
2022-11-26 00:53:47 Success.
2022-11-26 00:53:47 Latest version is 1.0.3
2022-11-26 00:53:47 App is up to date.
2022-11-26 01:18:30 Loading main app package /usr/lib/obsidian/obsidian.asar
2022-11-26 01:18:30 Checking for update using Github
2022-11-26 01:18:35 Success.
2022-11-26 01:18:35 Latest version is 1.0.3
2022-11-26 01:18:35 App is up to date.
2022-11-26 16:45:17 Checking for update using Github
2022-11-26 16:45:17 Success.
2022-11-26 16:45:17 Latest version is 1.0.3
2022-11-26 16:45:17 App is up to date.
2022-11-26 17:45:17 Checking for update using Github
2022-11-26 17:45:17 Success.
2022-11-26 17:45:17 Latest version is 1.0.3
2022-11-26 17:45:17 App is up to date.
2022-11-26 21:55:47 Checking for update using Github
2022-11-26 21:55:47 Success.
2022-11-26 21:55:47 Latest version is 1.0.3
2022-11-26 21:55:47 App is up to date.
2022-11-26 23:37:48 Checking for update using Github
2022-11-26 23:37:48 Success.
2022-11-26 23:37:48 Latest version is 1.0.3
2022-11-26 23:37:48 App is up to date.
2022-11-27 00:37:48 Checking for update using Github
2022-11-27 00:37:48 Success.
2022-11-27 00:37:48 Latest version is 1.0.3
2022-11-27 00:37:48 App is up to date.
2022-11-27 01:37:48 Checking for update using Github
2022-11-27 01:37:48 Success.
2022-11-27 01:37:48 Latest version is 1.0.3
2022-11-27 01:37:48 App is up to date.
2022-11-27 04:20:26 Checking for update using Github
2022-11-27 04:20:27 Success.
2022-11-27 04:20:27 Latest version is 1.0.3
2022-11-27 04:20:27 App is up to date.
2022-11-27 14:24:33 Loading main app package /usr/lib/obsidian/obsidian.asar
2022-11-27 14:24:37 Checking for update using Github
2022-11-27 14:24:38 Success.
2022-11-27 14:24:38 Latest version is 1.0.3
2022-11-27 14:24:38 App is up to date.
2022-11-27 16:27:14 Checking for update using Github
2022-11-27 16:27:14 Success.
2022-11-27 16:27:14 Latest version is 1.0.3
2022-11-27 16:27:14 App is up to date.
2022-11-27 17:27:15 Checking for update using Github
2022-11-27 17:27:15 Success.
2022-11-27 17:27:15 Latest version is 1.0.3
2022-11-27 17:27:15 App is up to date.
2022-11-27 18:27:15 Checking for update using Github
2022-11-27 18:27:15 Success.
2022-11-27 18:27:15 Latest version is 1.0.3
2022-11-27 18:27:15 App is up to date.
2022-11-27 19:27:15 Checking for update using Github
2022-11-27 19:27:15 Success.
2022-11-27 19:27:15 Latest version is 1.0.3
2022-11-27 19:27:15 App is up to date.
2022-11-27 21:17:39 Checking for update using Github
2022-11-27 21:17:40 Success.
2022-11-27 21:17:40 Latest version is 1.0.3
2022-11-27 21:17:40 App is up to date.
2022-11-28 04:50:51 Checking for update using Github
2022-11-28 04:50:51 Success.
2022-11-28 04:50:51 Latest version is 1.0.3
2022-11-28 04:50:51 App is up to date.
2022-11-28 05:50:51 Checking for update using Github
2022-11-28 05:50:51 Success.
2022-11-28 05:50:51 Latest version is 1.0.3
2022-11-28 05:50:51 App is up to date.
2022-11-28 18:46:15 Loading main app package /usr/lib/obsidian/obsidian.asar
2022-11-28 18:46:20 Checking for update using Github
2022-11-28 18:46:23 Success.
2022-11-28 18:46:23 Latest version is 1.0.3
2022-11-28 18:46:23 App is up to date.
2022-11-28 18:48:45 Loading main app package /usr/lib/obsidian/obsidian.asar
2022-11-28 18:48:45 Checking for update using Github
2022-11-28 18:48:45 Success.
2022-11-28 18:48:45 Latest version is 1.0.3
2022-11-28 18:48:45 App is up to date.
2022-11-28 18:49:33 Loading main app package /usr/lib/obsidian/obsidian.asar
2022-11-28 18:49:33 Checking for update using Github
2022-11-28 18:49:33 Success.
2022-11-28 18:49:33 Latest version is 1.0.3
2022-11-28 18:49:33 App is up to date.
2022-11-28 22:36:51 Loading main app package /usr/lib/obsidian/obsidian.asar
2022-11-28 22:36:54 Checking for update using Github
2022-11-28 22:36:56 Success.
2022-11-28 22:36:56 Latest version is 1.0.3
2022-11-28 22:36:56 App is up to date.
2022-11-29 00:02:22 Checking for update using Github
2022-11-29 00:02:22 Success.
2022-11-29 00:02:22 Latest version is 1.0.3
2022-11-29 00:02:22 App is up to date.
2022-11-29 02:00:00 Loading main app package /usr/lib/obsidian/obsidian.asar
2022-11-29 02:00:05 Checking for update using Github
2022-11-29 02:00:07 Success.
2022-11-29 02:00:07 Latest version is 1.0.3
2022-11-29 02:00:07 App is up to date.
2022-11-29 04:03:33 Loading main app package /usr/lib/obsidian/obsidian.asar
2022-11-29 04:03:37 Checking for update using Github
2022-11-29 04:03:40 Failed to check for update using Github (net::ERR_CERT_COMMON_NAME_INVALID)
2022-11-29 04:03:40 Checking for update using obsidian.md
2022-11-29 04:03:40 Failed to check for update using obsidian.md (net::ERR_CERT_COMMON_NAME_INVALID)
2022-11-29 14:23:39 Loading main app package /usr/lib/obsidian/obsidian.asar
2022-11-29 14:23:43 Checking for update using Github
2022-11-29 14:23:44 Success.
2022-11-29 14:23:44 Latest version is 1.0.3
2022-11-29 14:23:44 App is up to date.
2022-11-29 15:23:39 Checking for update using Github
2022-11-29 15:23:40 Success.
2022-11-29 15:23:40 Latest version is 1.0.3
2022-11-29 15:23:40 App is up to date.
2022-11-29 17:20:17 Checking for update using Github
2022-11-29 17:20:17 Success.
2022-11-29 17:20:17 Latest version is 1.0.3
2022-11-29 17:20:17 App is up to date.
2022-11-29 18:20:18 Checking for update using Github
2022-11-29 18:20:18 Success.
2022-11-29 18:20:18 Latest version is 1.0.3
2022-11-29 18:20:18 App is up to date.
2022-11-29 21:33:51 Loading main app package /usr/lib/obsidian/obsidian.asar
2022-11-29 21:33:56 Checking for update using Github
2022-11-29 21:33:59 Success.
2022-11-29 21:33:59 Latest version is 1.0.3
2022-11-29 21:33:59 App is up to date.
2022-11-30 02:22:44 Loading main app package /usr/lib/obsidian/obsidian.asar
2022-11-30 02:22:47 Checking for update using Github
2022-11-30 02:22:49 Success.
2022-11-30 02:22:49 Latest version is 1.0.3
2022-11-30 02:22:49 App is up to date.
2022-11-30 02:34:58 Loading main app package /usr/lib/obsidian/obsidian.asar
2022-11-30 02:34:58 Checking for update using Github
2022-11-30 02:34:58 Success.
2022-11-30 02:34:58 Latest version is 1.0.3
2022-11-30 02:34:58 App is up to date.
2022-11-30 02:55:51 Loading main app package /usr/lib/obsidian/obsidian.asar
2022-11-30 02:55:51 Checking for update using Github
2022-11-30 02:55:51 Success.
2022-11-30 02:55:51 Latest version is 1.0.3
2022-11-30 02:55:51 App is up to date.
2022-11-30 02:56:18 Loading main app package /usr/lib/obsidian/obsidian.asar
2022-11-30 02:56:18 Checking for update using Github
2022-11-30 02:56:18 Success.
2022-11-30 02:56:18 Latest version is 1.0.3
2022-11-30 02:56:18 App is up to date.
2022-11-30 02:56:37 Loading main app package /usr/lib/obsidian/obsidian.asar
2022-11-30 02:56:37 Checking for update using Github
2022-11-30 02:56:37 Success.
2022-11-30 02:56:37 Latest version is 1.0.3
2022-11-30 02:56:37 App is up to date.
2022-11-30 02:56:56 Loading main app package /usr/lib/obsidian/obsidian.asar
2022-11-30 02:56:56 Checking for update using Github
2022-11-30 02:56:56 Success.
2022-11-30 02:56:56 Latest version is 1.0.3
2022-11-30 02:56:56 App is up to date.
2022-11-30 02:57:13 Loading main app package /usr/lib/obsidian/obsidian.asar
2022-11-30 02:57:13 Checking for update using Github
2022-11-30 02:57:13 Success.
2022-11-30 02:57:13 Latest version is 1.0.3
2022-11-30 02:57:13 App is up to date.
2022-11-30 03:57:13 Checking for update using Github
2022-11-30 03:57:13 Success.
2022-11-30 03:57:13 Latest version is 1.0.3
2022-11-30 03:57:13 App is up to date.
2022-11-30 16:33:51 Loading main app package /usr/lib/obsidian/obsidian.asar
2022-11-30 16:33:56 Checking for update using Github
2022-11-30 16:33:59 Success.
2022-11-30 16:33:59 Latest version is 1.0.3
2022-11-30 16:33:59 App is up to date.
2022-11-30 16:54:08 Loading main app package /usr/lib/obsidian/obsidian.asar
2022-11-30 16:54:08 Checking for update using Github
2022-11-30 16:54:08 Success.
2022-11-30 16:54:08 Latest version is 1.0.3
2022-11-30 16:54:08 App is up to date.
2022-11-30 17:22:12 Loading main app package /usr/lib/obsidian/obsidian.asar
2022-11-30 17:22:13 Checking for update using Github
2022-11-30 17:22:18 Success.
2022-11-30 17:22:18 Latest version is 1.0.3
2022-11-30 17:22:18 App is up to date.
2022-11-30 18:22:12 Checking for update using Github
2022-11-30 18:22:12 Success.
2022-11-30 18:22:12 Latest version is 1.0.3
2022-11-30 18:22:12 App is up to date.
2022-11-30 19:22:12 Checking for update using Github
2022-11-30 19:22:12 Success.
2022-11-30 19:22:12 Latest version is 1.0.3
2022-11-30 19:22:12 App is up to date.
2022-11-30 22:32:09 Checking for update using Github
2022-11-30 22:32:09 Success.
2022-11-30 22:32:09 Latest version is 1.0.3
2022-11-30 22:32:09 App is up to date.
2022-11-30 23:46:10 Loading main app package /usr/lib/obsidian/obsidian.asar
2022-11-30 23:46:11 Checking for update using Github
2022-11-30 23:46:12 Success.
2022-11-30 23:46:12 Latest version is 1.0.3
2022-11-30 23:46:12 App is up to date.
2022-12-01 00:46:10 Checking for update using Github
2022-12-01 00:46:11 Success.
2022-12-01 00:46:11 Latest version is 1.0.3
2022-12-01 00:46:11 App is up to date.
2022-12-01 02:59:52 Checking for update using Github
2022-12-01 02:59:52 Success.
2022-12-01 02:59:52 Latest version is 1.0.3
2022-12-01 02:59:52 App is up to date.
2022-12-01 03:45:23 Loading main app package /usr/lib/obsidian/obsidian.asar
2022-12-01 03:45:24 Checking for update using Github
2022-12-01 03:45:25 Success.
2022-12-01 03:45:25 Latest version is 1.0.3
2022-12-01 03:45:25 App is up to date.
2022-12-01 17:40:00 Loading main app package /usr/lib/obsidian/obsidian.asar
2022-12-01 17:40:04 Checking for update using Github
2022-12-01 17:40:07 Success.
2022-12-01 17:40:07 Latest version is 1.0.3
2022-12-01 17:40:07 App is up to date.
2022-12-01 18:39:59 Checking for update using Github
2022-12-01 18:39:59 Success.
2022-12-01 18:39:59 Latest version is 1.0.3
2022-12-01 18:39:59 App is up to date.
2022-12-01 21:15:51 Checking for update using Github
2022-12-01 21:15:51 Success.
2022-12-01 21:15:51 Latest version is 1.0.3
2022-12-01 21:15:51 App is up to date.
2022-12-01 22:15:51 Checking for update using Github
2022-12-01 22:15:51 Success.
2022-12-01 22:15:51 Latest version is 1.0.3
2022-12-01 22:15:51 App is up to date.
2022-12-02 00:28:29 Checking for update using Github
2022-12-02 00:28:29 Success.
2022-12-02 00:28:29 Latest version is 1.0.3
2022-12-02 00:28:29 App is up to date.
2022-12-02 01:28:29 Checking for update using Github
2022-12-02 01:28:30 Success.
2022-12-02 01:28:30 Latest version is 1.0.3
2022-12-02 01:28:30 App is up to date.
2022-12-02 02:28:29 Checking for update using Github
2022-12-02 02:28:30 Success.
2022-12-02 02:28:30 Latest version is 1.0.3
2022-12-02 02:28:30 App is up to date.
2022-12-02 05:28:18 Checking for update using Github
2022-12-02 05:28:18 Success.
2022-12-02 05:28:18 Latest version is 1.0.3
2022-12-02 05:28:18 App is up to date.
2022-12-02 08:52:38 Checking for update using Github
2022-12-02 08:52:39 Success.
2022-12-02 08:52:39 Latest version is 1.0.3
2022-12-02 08:52:39 App is up to date.
2022-12-02 11:07:06 Checking for update using Github
2022-12-02 11:07:06 Success.
2022-12-02 11:07:06 Latest version is 1.0.3
2022-12-02 11:07:06 App is up to date.
2022-12-02 20:12:24 Checking for update using Github
2022-12-02 20:12:24 Success.
2022-12-02 20:12:24 Latest version is 1.0.3
2022-12-02 20:12:24 App is up to date.
2022-12-03 05:18:28 Loading main app package /usr/lib/obsidian/obsidian.asar
2022-12-03 05:18:34 Checking for update using Github
2022-12-03 05:18:35 Success.
2022-12-03 05:18:35 Latest version is 1.0.3
2022-12-03 05:18:35 App is up to date.
2022-12-03 06:18:28 Checking for update using Github
2022-12-03 06:18:28 Success.
2022-12-03 06:18:28 Latest version is 1.0.3
2022-12-03 06:18:28 App is up to date.
2022-12-03 07:18:28 Checking for update using Github
2022-12-03 07:18:28 Success.
2022-12-03 07:18:28 Latest version is 1.0.3
2022-12-03 07:18:28 App is up to date.
2022-12-03 09:38:30 Checking for update using Github
2022-12-03 09:38:30 Success.
2022-12-03 09:38:30 Latest version is 1.0.3
2022-12-03 09:38:30 App is up to date.
2022-12-03 17:56:39 Loading main app package /usr/lib/obsidian/obsidian.asar
2022-12-03 17:56:44 Checking for update using Github
2022-12-03 17:56:46 Success.
2022-12-03 17:56:46 Latest version is 1.0.3
2022-12-03 17:56:46 App is up to date.
2022-12-03 18:56:39 Checking for update using Github
2022-12-03 18:56:40 Success.
2022-12-03 18:56:40 Latest version is 1.0.3
2022-12-03 18:56:40 App is up to date.
2022-12-04 06:33:26 Checking for update using Github
2022-12-04 06:33:26 Success.
2022-12-04 06:33:26 Latest version is 1.0.3
2022-12-04 06:33:26 App is up to date.
2022-12-04 08:57:41 Loading main app package /usr/lib/obsidian/obsidian.asar
2022-12-04 08:57:41 Checking for update using Github
2022-12-04 08:57:42 Success.
2022-12-04 08:57:42 Latest version is 1.0.3
2022-12-04 08:57:42 App is up to date.
2022-12-04 13:20:49 Loading main app package /usr/lib/obsidian/obsidian.asar
2022-12-04 13:20:57 Checking for update using Github
2022-12-04 13:20:58 Success.
2022-12-04 13:20:58 Latest version is 1.0.3
2022-12-04 13:20:58 App is up to date.
2022-12-04 14:02:13 Loading main app package /usr/lib/obsidian/obsidian.asar
2022-12-04 14:02:14 Checking for update using Github
2022-12-04 14:02:14 Success.
2022-12-04 14:02:14 Latest version is 1.0.3
2022-12-04 14:02:14 App is up to date.
2022-12-04 14:32:01 Loading main app package /usr/lib/obsidian/obsidian.asar
2022-12-04 14:32:05 Checking for update using Github
2022-12-04 14:32:06 Success.
2022-12-04 14:32:06 Latest version is 1.0.3
2022-12-04 14:32:06 App is up to date.
2022-12-04 14:35:00 Loading main app package /usr/lib/obsidian/obsidian.asar
2022-12-04 14:35:01 Checking for update using Github
2022-12-04 14:35:01 Success.
2022-12-04 14:35:01 Latest version is 1.0.3
2022-12-04 14:35:01 App is up to date.
2022-12-04 14:36:27 Loading main app package /usr/lib/obsidian/obsidian.asar
2022-12-04 14:36:28 Checking for update using Github
2022-12-04 14:36:28 Success.
2022-12-04 14:36:28 Latest version is 1.0.3
2022-12-04 14:36:28 App is up to date.
2022-12-06 00:21:12 Loading main app package /usr/lib/obsidian/obsidian.asar
2022-12-06 00:21:25 Checking for update using Github
2022-12-06 00:21:31 Success.
2022-12-06 00:21:31 Latest version is 1.0.3
2022-12-06 00:21:31 App is up to date.
2022-12-06 00:21:36 Loading main app package /usr/lib/obsidian/obsidian.asar
2022-12-06 00:21:36 Checking for update using Github
2022-12-06 01:21:12 Checking for update using Github
2022-12-06 01:21:13 Success.
2022-12-06 01:21:13 Latest version is 1.0.3
2022-12-06 01:21:13 App is up to date.
2022-12-06 02:02:07 Loading main app package /usr/lib/obsidian/obsidian.asar
2022-12-06 02:02:08 Checking for update using Github
2022-12-06 02:02:09 Success.
2022-12-06 02:02:09 Latest version is 1.0.3
2022-12-06 02:02:09 App is up to date.
2022-12-06 19:37:05 Loading main app package /usr/lib/obsidian/obsidian.asar
2022-12-06 19:37:09 Checking for update using Github
2022-12-06 19:37:11 Success.
2022-12-06 19:37:11 Latest version is 1.0.3
2022-12-06 19:37:11 App is up to date.
2022-12-06 21:28:03 Checking for update using Github
2022-12-06 21:28:04 Success.
2022-12-06 21:28:04 Latest version is 1.0.3
2022-12-06 21:28:04 App is up to date.
2022-12-06 23:10:51 Loading main app package /usr/lib/obsidian/obsidian.asar
2022-12-06 23:10:56 Checking for update using Github
2022-12-06 23:10:59 Success.
2022-12-06 23:10:59 Latest version is 1.0.3
2022-12-06 23:10:59 App is up to date.
2022-12-07 00:10:51 Checking for update using Github
2022-12-07 00:10:52 Success.
2022-12-07 00:10:52 Latest version is 1.0.3
2022-12-07 00:10:52 App is up to date.
2022-12-07 01:10:51 Checking for update using Github
2022-12-07 01:10:52 Success.
2022-12-07 01:10:52 Latest version is 1.0.3
2022-12-07 01:10:52 App is up to date.
2022-12-07 02:25:23 Checking for update using Github
2022-12-07 02:25:23 Success.
2022-12-07 02:25:23 Latest version is 1.0.3
2022-12-07 02:25:23 App is up to date.
2022-12-07 03:51:32 Loading main app package /usr/lib/obsidian/obsidian.asar
2022-12-07 03:51:37 Checking for update using Github
2022-12-07 03:51:38 Success.
2022-12-07 03:51:38 Latest version is 1.0.3
2022-12-07 03:51:38 App is up to date.
2022-12-07 04:51:32 Checking for update using Github
2022-12-07 04:51:32 Success.
2022-12-07 04:51:32 Latest version is 1.0.3
2022-12-07 04:51:32 App is up to date.
2022-12-07 06:11:22 Checking for update using Github
2022-12-07 06:11:22 Success.
2022-12-07 06:11:22 Latest version is 1.0.3
2022-12-07 06:11:22 App is up to date.
2022-12-07 14:42:03 Checking for update using Github
2022-12-07 14:42:03 Success.
2022-12-07 14:42:03 Latest version is 1.0.3
2022-12-07 14:42:03 App is up to date.
2022-12-07 18:53:13 Loading main app package /usr/lib/obsidian/obsidian.asar
2022-12-07 18:53:21 Checking for update using Github
2022-12-07 18:53:24 Success.
2022-12-07 18:53:24 Latest version is 1.0.3
2022-12-07 18:53:24 App is up to date.
2022-12-12 04:19:42 Loading main app package /usr/lib/obsidian/obsidian.asar
2022-12-12 04:19:46 Checking for update using Github
2022-12-12 04:19:48 Success.
2022-12-12 04:19:48 Latest version is 1.0.3
2022-12-12 04:19:48 App is up to date.
2022-12-15 17:50:16 Loading main app package /usr/lib/obsidian/obsidian.asar
2022-12-15 17:50:20 Checking for update using Github
2022-12-15 17:50:21 Success.
2022-12-15 17:50:21 Latest version is 1.0.3
2022-12-15 17:50:21 App is up to date.
2022-12-18 02:39:47 Loading main app package /usr/lib/obsidian/obsidian.asar
2022-12-18 02:39:51 Checking for update using Github
2022-12-18 02:39:52 Success.
2022-12-18 02:39:52 Latest version is 1.0.3
2022-12-18 02:39:52 App is up to date.
2022-12-18 03:39:47 Checking for update using Github
2022-12-18 03:39:48 Success.
2022-12-18 03:39:48 Latest version is 1.0.3
2022-12-18 03:39:48 App is up to date.
2022-12-18 18:55:24 Checking for update using Github
2022-12-18 18:55:24 Success.
2022-12-18 18:55:24 Latest version is 1.0.3
2022-12-18 18:55:24 App is up to date.
2022-12-18 19:55:24 Checking for update using Github
2022-12-18 19:55:24 Success.
2022-12-18 19:55:24 Latest version is 1.0.3
2022-12-18 19:55:24 App is up to date.
2022-12-18 22:31:31 Checking for update using Github
2022-12-18 22:31:31 Success.
2022-12-18 22:31:31 Latest version is 1.0.3
2022-12-18 22:31:31 App is up to date.
2022-12-18 23:31:31 Checking for update using Github
2022-12-18 23:31:32 Success.
2022-12-18 23:31:32 Latest version is 1.0.3
2022-12-18 23:31:32 App is up to date.
2022-12-18 23:36:05 Loading main app package /usr/lib/obsidian/obsidian.asar
2022-12-18 23:36:06 Checking for update using Github
2022-12-18 23:36:40 Loading main app package /usr/lib/obsidian/obsidian.asar
2022-12-18 23:36:40 Checking for update using Github
2022-12-18 23:38:34 Loading main app package /usr/lib/obsidian/obsidian.asar
2022-12-18 23:38:34 Checking for update using Github
2022-12-18 23:38:34 Success.
2022-12-18 23:38:34 Latest version is 1.0.3
2022-12-18 23:38:34 App is up to date.
2022-12-19 00:38:34 Checking for update using Github
2022-12-19 00:38:34 Success.
2022-12-19 00:38:34 Latest version is 1.0.3
2022-12-19 00:38:34 App is up to date.
2022-12-19 02:35:33 Checking for update using Github
2022-12-19 02:35:33 Success.
2022-12-19 02:35:33 Latest version is 1.0.3
2022-12-19 02:35:33 App is up to date.
2022-12-19 03:35:33 Checking for update using Github
2022-12-19 03:35:33 Success.
2022-12-19 03:35:33 Latest version is 1.0.3
2022-12-19 03:35:33 App is up to date.
2022-12-19 04:35:33 Checking for update using Github
2022-12-19 04:35:34 Success.
2022-12-19 04:35:34 Latest version is 1.0.3
2022-12-19 04:35:34 App is up to date.
2022-12-19 19:33:45 Loading main app package /usr/lib/obsidian/obsidian.asar
2022-12-19 19:33:49 Checking for update using Github
2022-12-19 19:33:50 Success.
2022-12-19 19:33:50 Latest version is 1.0.3
2022-12-19 19:33:50 App is up to date.
2022-12-19 20:33:45 Checking for update using Github
2022-12-19 20:33:45 Success.
2022-12-19 20:33:45 Latest version is 1.0.3
2022-12-19 20:33:45 App is up to date.
2022-12-19 21:33:45 Checking for update using Github
2022-12-19 21:33:45 Success.
2022-12-19 21:33:45 Latest version is 1.0.3
2022-12-19 21:33:45 App is up to date.
2022-12-19 23:01:18 Checking for update using Github
2022-12-19 23:01:19 Success.
2022-12-19 23:01:19 Latest version is 1.0.3
2022-12-19 23:01:19 App is up to date.
2022-12-20 00:01:19 Checking for update using Github
2022-12-20 00:01:19 Success.
2022-12-20 00:01:19 Latest version is 1.0.3
2022-12-20 00:01:19 App is up to date.
2022-12-20 00:04:33 Loading main app package /usr/lib/obsidian/obsidian.asar
2022-12-20 00:04:33 Checking for update using Github
2022-12-20 00:04:33 Success.
2022-12-20 00:04:33 Latest version is 1.0.3
2022-12-20 00:04:33 App is up to date.
2022-12-20 01:04:33 Checking for update using Github
2022-12-20 01:04:33 Success.
2022-12-20 01:04:33 Latest version is 1.0.3
2022-12-20 01:04:33 App is up to date.
2022-12-20 01:51:36 Loading main app package /usr/lib/obsidian/obsidian.asar
2022-12-20 01:51:36 Checking for update using Github
2022-12-20 01:51:38 Success.
2022-12-20 01:51:38 Latest version is 1.0.3
2022-12-20 01:51:38 App is up to date.
2022-12-20 02:51:36 Checking for update using Github
2022-12-20 02:51:36 Success.
2022-12-20 02:51:36 Latest version is 1.0.3
2022-12-20 02:51:36 App is up to date.
2022-12-20 05:14:02 Checking for update using Github
2022-12-20 05:14:02 Success.
2022-12-20 05:14:02 Latest version is 1.0.3
2022-12-20 05:14:02 App is up to date.
2022-12-20 06:14:02 Checking for update using Github
2022-12-20 06:14:02 Success.
2022-12-20 06:14:02 Latest version is 1.0.3
2022-12-20 06:14:02 App is up to date.
2022-12-20 07:14:02 Checking for update using Github
2022-12-20 07:14:02 Success.
2022-12-20 07:14:02 Latest version is 1.0.3
2022-12-20 07:14:02 App is up to date.
2022-12-20 12:56:50 Checking for update using Github
2022-12-20 12:56:50 Success.
2022-12-20 12:56:50 Latest version is 1.0.3
2022-12-20 12:56:50 App is up to date.
2022-12-20 20:42:09 Loading main app package /usr/lib/obsidian/obsidian.asar
2022-12-20 20:42:12 Checking for update using Github
2022-12-20 20:42:13 Success.
2022-12-20 20:42:13 Latest version is 1.1.8
2022-12-20 20:42:13 Downloading update from https://github.com/obsidianmd/obsidian-releases/releases/download/v1.1.8/obsidian-1.1.8.asar.gz
2022-12-20 20:42:14 Verifying hash & signature. Size= 5753499
2022-12-20 20:42:14 Saving file
2022-12-20 20:42:15 Update complete.
2022-12-20 23:43:08 Checking for update using Github
2022-12-20 23:43:08 Success.
2022-12-20 23:43:08 Latest version is 1.1.8
2022-12-20 23:43:08 An update is already downloaded.
2022-12-21 00:43:08 Checking for update using Github
2022-12-21 00:43:08 Success.
2022-12-21 00:43:08 Latest version is 1.1.8
2022-12-21 00:43:08 An update is already downloaded.
2022-12-21 06:19:00 Checking for update using Github
2022-12-21 06:19:01 Success.
2022-12-21 06:19:01 Latest version is 1.1.8
2022-12-21 06:19:01 An update is already downloaded.
2022-12-21 07:19:00 Checking for update using Github
2022-12-21 07:19:01 Success.
2022-12-21 07:19:01 Latest version is 1.1.8
2022-12-21 07:19:01 An update is already downloaded.
2022-12-21 08:19:01 Checking for update using Github
2022-12-21 08:19:01 Success.
2022-12-21 08:19:01 Latest version is 1.1.8
2022-12-21 08:19:01 An update is already downloaded.
2022-12-21 09:19:01 Checking for update using Github
2022-12-21 09:19:01 Success.
2022-12-21 09:19:01 Latest version is 1.1.8
2022-12-21 09:19:01 An update is already downloaded.
2022-12-21 15:16:13 Checking for update using Github
2022-12-21 15:16:13 Success.
2022-12-21 15:16:13 Latest version is 1.1.8
2022-12-21 15:16:13 An update is already downloaded.
2022-12-21 18:33:34 Checking for update using Github
2022-12-21 18:33:34 Success.
2022-12-21 18:33:34 Latest version is 1.1.8
2022-12-21 18:33:34 An update is already downloaded.
2022-12-21 19:51:36 Checking for update using Github
2022-12-21 19:51:36 Success.
2022-12-21 19:51:36 Latest version is 1.1.8
2022-12-21 19:51:36 An update is already downloaded.
2022-12-21 21:29:55 Loading updated app package /home/evildr4gon/.config/obsidian/obsidian-1.1.8.asar
2022-12-21 21:30:01 Checking for update using Github
2022-12-21 21:30:03 Success.
2022-12-21 21:30:03 Latest version is 1.1.8
2022-12-21 21:30:03 App is up to date.
2022-12-21 23:17:17 Checking for update using Github
2022-12-21 23:17:17 Success.
2022-12-21 23:17:17 Latest version is 1.1.8
2022-12-21 23:17:17 App is up to date.
2022-12-22 04:35:09 Loading updated app package /home/evildr4gon/.config/obsidian/obsidian-1.1.8.asar
2022-12-22 04:35:09 Checking for update using Github
2022-12-22 04:35:09 Success.
2022-12-22 04:35:09 Latest version is 1.1.8
2022-12-22 04:35:09 App is up to date.
2022-12-22 14:31:57 Checking for update using Github
2022-12-22 14:31:57 Success.
2022-12-22 14:31:57 Latest version is 1.1.8
2022-12-22 14:31:57 App is up to date.
2022-12-22 15:49:53 Checking for update using Github
2022-12-22 15:49:53 Success.
2022-12-22 15:49:53 Latest version is 1.1.8
2022-12-22 15:49:53 App is up to date.
2022-12-22 16:49:53 Checking for update using Github
2022-12-22 16:49:53 Success.
2022-12-22 16:49:53 Latest version is 1.1.8
2022-12-22 16:49:53 App is up to date.
2022-12-22 17:49:53 Checking for update using Github
2022-12-22 17:49:53 Success.
2022-12-22 17:49:53 Latest version is 1.1.8
2022-12-22 17:49:53 App is up to date.
2022-12-22 18:49:53 Checking for update using Github
2022-12-22 18:49:53 Success.
2022-12-22 18:49:53 Latest version is 1.1.8
2022-12-22 18:49:53 App is up to date.
2022-12-22 19:49:53 Checking for update using Github
2022-12-22 19:49:54 Success.
2022-12-22 19:49:54 Latest version is 1.1.8
2022-12-22 19:49:54 App is up to date.
2022-12-22 23:13:24 Checking for update using Github
2022-12-22 23:13:24 Success.
2022-12-22 23:13:24 Latest version is 1.1.8
2022-12-22 23:13:24 App is up to date.
2022-12-23 01:25:14 Checking for update using Github
2022-12-23 01:25:14 Success.
2022-12-23 01:25:14 Latest version is 1.1.8
2022-12-23 01:25:14 App is up to date.
2022-12-23 03:06:41 Loading updated app package /home/evildr4gon/.config/obsidian/obsidian-1.1.8.asar
2022-12-23 03:06:46 Checking for update using Github
2022-12-23 03:06:48 Success.
2022-12-23 03:06:48 Latest version is 1.1.8
2022-12-23 03:06:48 App is up to date.
2022-12-23 03:14:08 Loading updated app package /home/evildr4gon/.config/obsidian/obsidian-1.1.8.asar
2022-12-23 03:14:08 Checking for update using Github
2022-12-23 03:14:08 Success.
2022-12-23 03:14:08 Latest version is 1.1.8
2022-12-23 03:14:08 App is up to date.
2022-12-23 03:33:23 Loading updated app package /home/evildr4gon/.config/obsidian/obsidian-1.1.8.asar
2022-12-23 03:33:23 Loading updated app package /home/evildr4gon/.config/obsidian/obsidian-1.1.8.asar
2022-12-23 03:33:23 Loading updated app package /home/evildr4gon/.config/obsidian/obsidian-1.1.8.asar
2022-12-23 03:33:23 Loading updated app package /home/evildr4gon/.config/obsidian/obsidian-1.1.8.asar
2022-12-23 03:33:23 Loading updated app package /home/evildr4gon/.config/obsidian/obsidian-1.1.8.asar
2022-12-23 03:33:24 Checking for update using Github
2022-12-23 03:33:25 Checking for update using Github
2022-12-23 03:33:25 Checking for update using Github
2022-12-23 03:33:25 Checking for update using Github
2022-12-23 03:33:25 Checking for update using Github
2022-12-23 03:33:26 Success.
2022-12-23 03:33:26 Latest version is 1.1.8
2022-12-23 03:33:26 App is up to date.
2022-12-23 03:34:26 Loading updated app package /home/evildr4gon/.config/obsidian/obsidian-1.1.8.asar
2022-12-23 03:34:26 Checking for update using Github
2022-12-23 03:34:26 Success.
2022-12-23 03:34:26 Latest version is 1.1.8
2022-12-23 03:34:26 App is up to date.
2022-12-24 06:38:35 Loading main app package /usr/lib/obsidian/obsidian.asar
2022-12-24 06:38:40 Checking for update using Github
2022-12-24 06:38:42 Success.
2022-12-24 06:38:42 Latest version is 1.1.9
2022-12-24 06:38:42 Downloading update from https://github.com/obsidianmd/obsidian-releases/releases/download/v1.1.9/obsidian-1.1.9.asar.gz
2022-12-24 06:38:43 Verifying hash & signature. Size= 5753685
2022-12-24 06:38:43 Saving file
2022-12-24 06:38:43 Update complete.
2022-12-24 07:38:35 Checking for update using Github
2022-12-24 07:38:36 Success.
2022-12-24 07:38:36 Latest version is 1.1.9
2022-12-24 07:38:36 An update is already downloaded.
2022-12-24 09:38:31 Loading updated app package /home/evildr4gon/.config/obsidian/obsidian-1.1.9.asar
2022-12-24 09:38:36 Checking for update using Github
2022-12-24 09:38:38 Success.
2022-12-24 09:38:38 Latest version is 1.1.9
2022-12-24 09:38:38 App is up to date.
2022-12-24 09:40:51 Loading updated app package /home/evildr4gon/.config/obsidian/obsidian-1.1.9.asar
2022-12-24 09:40:51 Checking for update using Github
2022-12-24 09:40:51 Success.
2022-12-24 09:40:51 Latest version is 1.1.9
2022-12-24 09:40:51 App is up to date.
2022-12-24 09:52:06 Loading updated app package /home/evildr4gon/.config/obsidian/obsidian-1.1.9.asar
2022-12-24 09:52:06 Checking for update using Github
2022-12-24 09:52:06 Success.
2022-12-24 09:52:06 Latest version is 1.1.9
2022-12-24 09:52:06 App is up to date.
2022-12-24 09:55:13 Loading updated app package /home/evildr4gon/.config/obsidian/obsidian-1.1.9.asar
2022-12-24 09:55:13 Checking for update using Github
2022-12-24 09:55:13 Success.
2022-12-24 09:55:13 Latest version is 1.1.9
2022-12-24 09:55:13 App is up to date.
2022-12-24 09:56:36 Loading updated app package /home/evildr4gon/.config/obsidian/obsidian-1.1.9.asar
2022-12-24 09:56:36 Checking for update using Github
2022-12-24 09:56:37 Success.
2022-12-24 09:56:37 Latest version is 1.1.9
2022-12-24 09:56:37 App is up to date.
2022-12-24 09:57:42 Loading updated app package /home/evildr4gon/.config/obsidian/obsidian-1.1.9.asar
2022-12-24 09:57:42 Checking for update using Github
2022-12-24 09:57:43 Success.
2022-12-24 09:57:43 Latest version is 1.1.9
2022-12-24 09:57:43 App is up to date.
2022-12-24 10:05:49 Loading updated app package /home/evildr4gon/.config/obsidian/obsidian-1.1.9.asar
2022-12-24 10:05:49 Checking for update using Github
2022-12-24 10:05:50 Success.
2022-12-24 10:05:50 Latest version is 1.1.9
2022-12-24 10:05:50 App is up to date.
2022-12-24 12:06:45 Checking for update using Github
2022-12-24 12:06:46 Success.
2022-12-24 12:06:46 Latest version is 1.1.9
2022-12-24 12:06:46 App is up to date.
2022-12-24 14:10:33 Checking for update using Github
2022-12-24 14:10:33 Success.
2022-12-24 14:10:33 Latest version is 1.1.9
2022-12-24 14:10:33 App is up to date.
2022-12-24 18:44:51 Loading updated app package /home/evildr4gon/.config/obsidian/obsidian-1.1.9.asar
2022-12-24 18:44:55 Checking for update using Github
2022-12-24 18:44:57 Success.
2022-12-24 18:44:57 Latest version is 1.1.9
2022-12-24 18:44:57 App is up to date.
2022-12-24 18:47:06 Loading updated app package /home/evildr4gon/.config/obsidian/obsidian-1.1.9.asar
2022-12-24 18:47:06 Checking for update using Github
2022-12-24 18:47:06 Success.
2022-12-24 18:47:06 Latest version is 1.1.9
2022-12-24 18:47:06 App is up to date.
2022-12-26 22:22:59 Loading main app package /usr/lib/obsidian/obsidian.asar
2022-12-26 22:23:03 Checking for update using Github
2022-12-26 22:23:05 Success.
2022-12-26 22:23:05 Latest version is 1.1.9
2022-12-26 22:23:05 App is up to date.
2022-12-26 23:22:59 Checking for update using Github
2022-12-26 23:22:59 Success.
2022-12-26 23:22:59 Latest version is 1.1.9
2022-12-26 23:22:59 App is up to date.
2022-12-27 06:47:09 Loading main app package /usr/lib/obsidian/obsidian.asar
2022-12-27 06:47:13 Checking for update using Github
2022-12-27 06:47:14 Success.
2022-12-27 06:47:14 Latest version is 1.1.9
2022-12-27 06:47:14 App is up to date.
2022-12-27 07:47:10 Checking for update using Github
2022-12-27 07:47:10 Success.
2022-12-27 07:47:10 Latest version is 1.1.9
2022-12-27 07:47:10 App is up to date.
2022-12-27 20:45:05 Checking for update using Github
2022-12-27 20:45:06 Success.
2022-12-27 20:45:06 Latest version is 1.1.9
2022-12-27 20:45:06 App is up to date.
2022-12-27 21:45:05 Checking for update using Github
2022-12-27 21:45:05 Success.
2022-12-27 21:45:05 Latest version is 1.1.9
2022-12-27 21:45:05 App is up to date.
2022-12-27 22:45:05 Checking for update using Github
2022-12-27 22:45:05 Success.
2022-12-27 22:45:05 Latest version is 1.1.9
2022-12-27 22:45:05 App is up to date.
2022-12-27 23:45:05 Checking for update using Github
2022-12-27 23:45:06 Success.
2022-12-27 23:45:06 Latest version is 1.1.9
2022-12-27 23:45:06 App is up to date.
2022-12-28 00:45:05 Checking for update using Github
2022-12-28 00:45:06 Success.
2022-12-28 00:45:06 Latest version is 1.1.9
2022-12-28 00:45:06 App is up to date.
2022-12-28 02:46:55 Checking for update using Github
2022-12-28 02:46:55 Success.
2022-12-28 02:46:55 Latest version is 1.1.9
2022-12-28 02:46:55 App is up to date.
2022-12-28 05:56:24 Loading main app package /usr/lib/obsidian/obsidian.asar
2022-12-28 05:56:28 Checking for update using Github
2022-12-28 05:56:30 Success.
2022-12-28 05:56:30 Latest version is 1.1.9
2022-12-28 05:56:30 App is up to date.
2022-12-28 06:56:24 Checking for update using Github
2022-12-28 06:56:25 Success.
2022-12-28 06:56:25 Latest version is 1.1.9
2022-12-28 06:56:25 App is up to date.
2022-12-28 10:54:02 Loading main app package /usr/lib/obsidian/obsidian.asar
2022-12-28 10:54:05 Checking for update using Github
2022-12-28 10:54:07 Success.
2022-12-28 10:54:07 Latest version is 1.1.9
2022-12-28 10:54:07 App is up to date.
2022-12-29 04:19:07 Loading main app package /usr/lib/obsidian/obsidian.asar
2022-12-29 04:19:12 Checking for update using Github
2022-12-29 04:19:14 Success.
2022-12-29 04:19:14 Latest version is 1.1.9
2022-12-29 04:19:14 App is up to date.
2022-12-29 05:19:07 Checking for update using Github
2022-12-29 05:19:07 Success.
2022-12-29 05:19:07 Latest version is 1.1.9
2022-12-29 05:19:07 App is up to date.
2022-12-29 08:37:35 Loading main app package /usr/lib/obsidian/obsidian.asar
2022-12-29 08:37:41 Checking for update using Github
2022-12-29 08:37:44 Success.
2022-12-29 08:37:44 Latest version is 1.1.9
2022-12-29 08:37:44 App is up to date.
2022-12-29 09:37:35 Checking for update using Github
2022-12-29 09:37:35 Success.
2022-12-29 09:37:35 Latest version is 1.1.9
2022-12-29 09:37:35 App is up to date.
2023-01-02 09:27:36 Loading main app package /usr/lib/obsidian/obsidian.asar
2023-01-02 09:27:39 Checking for update using Github
2023-01-02 09:27:40 Success.
2023-01-02 09:27:40 Latest version is 1.1.9
2023-01-02 09:27:40 App is up to date.
2023-01-02 13:52:20 Loading main app package /usr/lib/obsidian/obsidian.asar
2023-01-02 13:52:28 Checking for update using Github
2023-01-02 13:52:31 Success.
2023-01-02 13:52:31 Latest version is 1.1.9
2023-01-02 13:52:31 App is up to date.
2023-01-02 14:52:20 Checking for update using Github
2023-01-02 14:52:20 Success.
2023-01-02 14:52:20 Latest version is 1.1.9
2023-01-02 14:52:20 App is up to date.
2023-01-03 02:56:10 Loading main app package /usr/lib/obsidian/obsidian.asar
2023-01-03 02:56:14 Checking for update using Github
2023-01-03 02:56:16 Success.
2023-01-03 02:56:16 Latest version is 1.1.9
2023-01-03 02:56:16 App is up to date.
2023-01-04 08:00:44 Loading main app package /usr/lib/obsidian/obsidian.asar
2023-01-04 08:00:47 Checking for update using Github
2023-01-04 08:00:49 Success.
2023-01-04 08:00:49 Latest version is 1.1.9
2023-01-04 08:00:49 App is up to date.
2023-01-04 08:02:55 Loading main app package /usr/lib/obsidian/obsidian.asar
2023-01-04 08:02:56 Checking for update using Github
2023-01-04 09:32:49 Loading main app package /usr/lib/obsidian/obsidian.asar
2023-01-04 09:32:53 Checking for update using Github
2023-01-04 09:32:54 Success.
2023-01-04 09:32:54 Latest version is 1.1.9
2023-01-04 09:32:54 App is up to date.
2023-01-04 10:32:49 Checking for update using Github
2023-01-04 10:32:50 Success.
2023-01-04 10:32:50 Latest version is 1.1.9
2023-01-04 10:32:50 App is up to date.
2023-01-04 13:47:06 Checking for update using Github
2023-01-04 13:47:06 Success.
2023-01-04 13:47:06 Latest version is 1.1.9
2023-01-04 13:47:06 App is up to date.
2023-01-04 14:18:57 Loading main app package /usr/lib/obsidian/obsidian.asar
2023-01-04 14:19:03 Checking for update using Github
2023-01-04 14:19:04 Success.
2023-01-04 14:19:04 Latest version is 1.1.9
2023-01-04 14:19:04 App is up to date.
2023-01-04 15:18:57 Checking for update using Github
2023-01-04 15:18:58 Success.
2023-01-04 15:18:58 Latest version is 1.1.9
2023-01-04 15:18:58 App is up to date.
2023-01-04 17:18:34 Loading main app package /usr/lib/obsidian/obsidian.asar
2023-01-04 17:18:37 Checking for update using Github
2023-01-04 17:18:39 Success.
2023-01-04 17:18:39 Latest version is 1.1.9
2023-01-04 17:18:39 App is up to date.
2023-01-04 18:18:34 Checking for update using Github
2023-01-04 18:18:35 Success.
2023-01-04 18:18:35 Latest version is 1.1.9
2023-01-04 18:18:35 App is up to date.
2023-01-04 19:18:35 Checking for update using Github
2023-01-04 19:18:35 Success.
2023-01-04 19:18:35 Latest version is 1.1.9
2023-01-04 19:18:35 App is up to date.
2023-01-04 20:18:35 Checking for update using Github
2023-01-04 20:18:35 Success.
2023-01-04 20:18:35 Latest version is 1.1.9
2023-01-04 20:18:35 App is up to date.
2023-01-04 21:18:35 Checking for update using Github
2023-01-04 21:18:36 Success.
2023-01-04 21:18:36 Latest version is 1.1.9
2023-01-04 21:18:36 App is up to date.
2023-01-04 22:18:35 Checking for update using Github
2023-01-04 22:18:35 Success.
2023-01-04 22:18:35 Latest version is 1.1.9
2023-01-04 22:18:35 App is up to date.
2023-01-04 23:18:35 Checking for update using Github
2023-01-04 23:18:35 Success.
2023-01-04 23:18:35 Latest version is 1.1.9
2023-01-04 23:18:35 App is up to date.
2023-01-05 05:04:06 Loading main app package /usr/lib/obsidian/obsidian.asar
2023-01-05 05:04:10 Checking for update using Github
2023-01-05 05:04:11 Success.
2023-01-05 05:04:11 Latest version is 1.1.9
2023-01-05 05:04:11 App is up to date.
2023-01-05 06:04:06 Checking for update using Github
2023-01-05 06:04:06 Success.
2023-01-05 06:04:06 Latest version is 1.1.9
2023-01-05 06:04:06 App is up to date.
2023-01-05 07:11:04 Loading main app package /usr/lib/obsidian/obsidian.asar
2023-01-05 07:11:15 Checking for update using Github
2023-01-05 07:11:17 Success.
2023-01-05 07:11:17 Latest version is 1.1.9
2023-01-05 07:11:17 App is up to date.
2023-01-06 04:53:22 Loading main app package /usr/lib/obsidian/obsidian.asar
2023-01-06 04:53:26 Checking for update using Github
2023-01-06 04:53:28 Success.
2023-01-06 04:53:28 Latest version is 1.1.9
2023-01-06 04:53:28 App is up to date.
2023-01-06 05:53:22 Checking for update using Github
2023-01-06 05:53:22 Success.
2023-01-06 05:53:22 Latest version is 1.1.9
2023-01-06 05:53:22 App is up to date.
2023-01-06 06:14:18 Loading main app package /usr/lib/obsidian/obsidian.asar
2023-01-06 06:14:23 Checking for update using Github
2023-01-06 06:14:26 Success.
2023-01-06 06:14:26 Latest version is 1.1.9
2023-01-06 06:14:26 App is up to date.
